
[0;7m------------------------------------------------------------------------------------------------------------------------------------------------
                                        Starting Execution: '1 out of 1' test cases in the current suite                                        
                                                  Test Method: 'testPackage.TestClass.E2eTest'                                                  
------------------------------------------------------------------------------------------------------------------------------------------------
[0m
[ReportManager] Expected condition failed: waiting for com.shaft.listeners.internal.WebDriverListener$$Lambda/0x0000012f0b89f5b0@2a4e939a (tried for 10 second(s) with 100 milliseconds interval) || no such element: Unable to locate element: {"method":"css selector","selector":".loading-overlay"} @25-09-2025 18:27:42.0515 PM
[ReportManager] Type "Where are you going?" @25-09-2025 18:27:43.0225 PM
[ReportManager] Click "Alexandria Egypt" @25-09-2025 18:27:43.0534 PM
[ReportManager] Click  and  hold "Check-in date â€” Check-out date" @25-09-2025 18:27:44.0327 PM
[ReportManager] Click "We 1 October 2025" @25-09-2025 18:27:44.0693 PM
[ReportManager] Click "Tu 14 October 2025" @25-09-2025 18:27:44.0974 PM
[ReportManager] Click "Search" @25-09-2025 18:27:45.0589 PM
[ReportManager] Element found. @25-09-2025 18:28:05.0208 PM
[ReportManager] Scroll to element "By.xpath: //button[@type="button"]/span[contains(.,'Load more results')]". @25-09-2025 18:28:05.0662 PM
[ReportManager] Click "By.xpath: //button[@type="button"]/span[contains(.,'Load more results')]" @25-09-2025 18:28:06.0344 PM
[ReportManager] Element found. @25-09-2025 18:28:06.0723 PM
[ReportManager] Scroll to element "See availability". @25-09-2025 18:28:07.0036 PM
[ReportManager] Click "See availability" @25-09-2025 18:28:08.0690 PM
[ReportManager] org.openqa.selenium.NoSuchSessionException: invalid session id
Build info: version: '4.35.0', revision: '1c58e5028b'
System info: os.name: 'Windows 11', os.arch: 'amd64', os.version: '10.0', java.version: '23'
Driver info: org.openqa.selenium.chrome.ChromeDriver
Command: [5668d9ec9ccc9a46896fbcbf9a0d8264, executeCdpCommand {params={}, cmd=Page.getLayoutMetrics}]
Capabilities {acceptInsecureCerts: false, browserName: chrome, browserVersion: 140.0.7339.129, chrome: {chromedriverVersion: 140.0.7339.207 (17230b545fd..., userDataDir: C:\Users\User\AppData\Local...}, fedcm:accounts: true, goog:chromeOptions: {debuggerAddress: localhost:61715}, networkConnectionEnabled: false, pageLoadStrategy: none, platformName: windows, proxy: Proxy(), se:cdp: ws://localhost:61715/devtoo..., se:cdpVersion: 140.0.7339.129, setWindowRect: true, strictFileInteractability: false, timeouts: {implicit: 0, pageLoad: 30000, script: 30000}, unhandledPromptBehavior: dismiss and notify, webSocketUrl: ws://localhost:4599/session..., webauthn:extension:credBlob: true, webauthn:extension:largeBlob: true, webauthn:extension:minPinLength: true, webauthn:extension:prf: true, webauthn:virtualAuthenticators: true}
Session ID: 5668d9ec9ccc9a46896fbcbf9a0d8264
 java.base/jdk.internal.reflect.DirectConstructorHandleAccessor.newInstance(DirectConstructorHandleAccessor.java:62)
 java.base/java.lang.reflect.Constructor.newInstanceWithCaller(Constructor.java:501)
 java.base/java.lang.reflect.Constructor.newInstance(Constructor.java:485)
 org.openqa.selenium.remote.ErrorCodec.decode(ErrorCodec.java:167)
 org.openqa.selenium.remote.codec.w3c.W3CHttpResponseCodec.decode(W3CHttpResponseCodec.java:138)
 org.openqa.selenium.remote.codec.w3c.W3CHttpResponseCodec.decode(W3CHttpResponseCodec.java:50)
 org.openqa.selenium.remote.HttpCommandExecutor.execute(HttpCommandExecutor.java:215)
 org.openqa.selenium.remote.service.DriverCommandExecutor.invokeExecute(DriverCommandExecutor.java:216)
 org.openqa.selenium.remote.service.DriverCommandExecutor.execute(DriverCommandExecutor.java:174)
 org.openqa.selenium.remote.RemoteWebDriver.execute(RemoteWebDriver.java:557)
 org.openqa.selenium.remote.RemoteWebDriver.execute(RemoteWebDriver.java:630)
 org.openqa.selenium.remote.RemoteExecuteMethod.execute(RemoteExecuteMethod.java:39)
 org.openqa.selenium.chromium.AddHasCdp.lambda$getImplementation$1(AddHasCdp.java:56)
 org.openqa.selenium.chromium.ChromiumDriver.executeCdpCommand(ChromiumDriver.java:290)
 com.shaft.gui.internal.image.ScreenshotHelper.takeFullPageScreenshotUsingCDP(ScreenshotHelper.java:146)
 com.shaft.gui.internal.image.ScreenshotHelper.makeFullScreenshot(ScreenshotHelper.java:109)
 com.shaft.gui.internal.image.ScreenshotManager.takeFullPageScreenshot(ScreenshotManager.java:142)
 com.shaft.gui.internal.image.ScreenshotManager.takeScreenshot(ScreenshotManager.java:59)
 com.shaft.gui.internal.image.ScreenshotManager.takeAIHighlightedScreenshot(ScreenshotManager.java:202)
 com.shaft.gui.internal.image.ScreenshotManager.internalCaptureScreenshot(ScreenshotManager.java:185)
 com.shaft.gui.internal.image.ScreenshotManager.internalCaptureScreenShot(ScreenshotManager.java:174)
 com.shaft.gui.internal.image.ScreenshotManager.takeScreenshot(ScreenshotManager.java:38)
 com.shaft.gui.element.internal.ElementActionsHelper.takeScreenshot(ElementActionsHelper.java:330)
 com.shaft.gui.element.internal.ElementActionsHelper.createReportAttachments(ElementActionsHelper.java:588)
 com.shaft.gui.element.internal.ElementActionsHelper.reportActionResult(ElementActionsHelper.java:625)
 com.shaft.gui.element.internal.ElementActionsHelper.failAction(ElementActionsHelper.java:521)
 com.shaft.gui.element.internal.ElementActionsHelper.failAction(ElementActionsHelper.java:472)
 com.shaft.gui.element.ElementActions.scrollToElement(ElementActions.java:136)
 pages.P02_HotelTab.lambda$reservation$0(P02_HotelTab.java:32)
 org.openqa.selenium.support.ui.FluentWait.until(FluentWait.java:203)
 com.shaft.gui.element.internal.Actions.waitUntil(Actions.java:190)
 pages.P02_HotelTab.reservation(P02_HotelTab.java:32)
 testPackage.TestClass.E2eTest(TestClass.java:35)
 java.base/jdk.internal.reflect.DirectMethodHandleAccessor.invoke(DirectMethodHandleAccessor.java:103)
 java.base/java.lang.reflect.Method.invoke(Method.java:580)
 org.testng.internal.invokers.MethodInvocationHelper.invokeMethod(MethodInvocationHelper.java:141)
 org.testng.internal.invokers.TestInvoker.invokeMethod(TestInvoker.java:687)
 org.testng.internal.invokers.TestInvoker.invokeTestMethod(TestInvoker.java:230)
 org.testng.internal.invokers.MethodRunner.runInSequence(MethodRunner.java:63)
 org.testng.internal.invokers.TestInvoker$MethodInvocationAgent.invoke(TestInvoker.java:995)
 org.testng.internal.invokers.TestInvoker.invokeTestMethods(TestInvoker.java:203)
 org.testng.internal.invokers.TestMethodWorker.invokeTestMethods(TestMethodWorker.java:154)
 org.testng.internal.invokers.TestMethodWorker.run(TestMethodWorker.java:134)
 java.base/java.util.ArrayList.forEach(ArrayList.java:1597)
 org.testng.TestRunner.privateRun(TestRunner.java:741)
 org.testng.TestRunner.run(TestRunner.java:616)
 org.testng.SuiteRunner.runTest(SuiteRunner.java:421)
 org.testng.SuiteRunner.runSequentially(SuiteRunner.java:413)
 org.testng.SuiteRunner.privateRun(SuiteRunner.java:373)
 org.testng.SuiteRunner.run(SuiteRunner.java:312)
 org.testng.SuiteRunnerWorker.runSuite(SuiteRunnerWorker.java:52)
 org.testng.SuiteRunnerWorker.run(SuiteRunnerWorker.java:95)
 org.testng.TestNG.runSuitesSequentially(TestNG.java:1274)
 org.testng.TestNG.runSuitesLocally(TestNG.java:1208)
 org.testng.TestNG.runSuites(TestNG.java:1112)
 org.testng.TestNG.run(TestNG.java:1079)
 org.apache.maven.surefire.testng.TestNGExecutor.run(TestNGExecutor.java:155)
 org.apache.maven.surefire.testng.TestNGDirectoryTestSuite.executeSingleClass(TestNGDirectoryTestSuite.java:102)
 org.apache.maven.surefire.testng.TestNGDirectoryTestSuite.execute(TestNGDirectoryTestSuite.java:91)
 org.apache.maven.surefire.testng.TestNGProvider.invoke(TestNGProvider.java:137)
 org.apache.maven.surefire.booter.ForkedBooter.runSuitesInProcess(ForkedBooter.java:385)
 org.apache.maven.surefire.booter.ForkedBooter.execute(ForkedBooter.java:162)
 org.apache.maven.surefire.booter.ForkedBooter.run(ForkedBooter.java:507)
 org.apache.maven.surefire.booter.ForkedBooter.main(ForkedBooter.java:495) @25-09-2025 18:28:31.0615 PM
[ReportManager] Setting "screenshotParams_screenshotType" property with "VIEWPORT". @25-09-2025 18:28:31.0627 PM
[ReportManager] Failed to capture a screenshot Root cause: "org.openqa.selenium.NoSuchSessionException: invalid session id" @25-09-2025 18:28:31.0642 PM
[ReportManager] Successfully created attachment 'Screenshot manager - Get stack trace - Exception Stacktrace' @25-09-2025 18:28:31.0646 PM