{"uuid":"f8e91391-de4f-465d-b976-ba0735b16bc5","historyId":"7f587b143c158942f5eb3b9756158274","fullName":"testPackage.TestClass.E2eTest","labels":[{"name":"package","value":"testPackage.TestClass"},{"name":"testClass","value":"testPackage.TestClass"},{"name":"testMethod","value":"E2eTest"},{"name":"parentSuite","value":"Surefire suite"},{"name":"suite","value":"Surefire test"},{"name":"subSuite","value":"testPackage.TestClass"},{"name":"host","value":"Amir"},{"name":"thread","value":"77492@Amir.main(1)"},{"name":"framework","value":"testng"},{"name":"language","value":"java"}],"links":[],"name":"E2eTest","status":"failed","statusDetails":{"known":false,"muted":false,"flaky":false,"message":"Failed to capture a screenshot Root cause: \"org.openqa.selenium.NoSuchSessionException: invalid session id\"","trace":"java.lang.AssertionError: Failed to capture a screenshot Root cause: \"org.openqa.selenium.NoSuchSessionException: invalid session id\"\r\n\tat org.testng.Assert.fail(Assert.java:99)\r\n\tat com.shaft.tools.io.internal.FailureReporter.fail(FailureReporter.java:33)\r\n\tat com.shaft.gui.internal.image.ScreenshotHelper.takeViewportScreenshot(ScreenshotHelper.java:137)\r\n\tat com.shaft.gui.internal.image.ScreenshotManager.takeViewportScreenshot(ScreenshotManager.java:122)\r\n\tat com.shaft.gui.internal.image.ScreenshotManager.takeScreenshot(ScreenshotManager.java:67)\r\n\tat com.shaft.gui.internal.image.ScreenshotManager.takeScreenshot(ScreenshotManager.java:63)\r\n\tat com.shaft.gui.internal.image.ScreenshotManager.takeAIHighlightedScreenshot(ScreenshotManager.java:202)\r\n\tat com.shaft.gui.internal.image.ScreenshotManager.internalCaptureScreenshot(ScreenshotManager.java:185)\r\n\tat com.shaft.gui.internal.image.ScreenshotManager.internalCaptureScreenShot(ScreenshotManager.java:174)\r\n\tat com.shaft.gui.internal.image.ScreenshotManager.takeScreenshot(ScreenshotManager.java:38)\r\n\tat com.shaft.gui.element.internal.ElementActionsHelper.takeScreenshot(ElementActionsHelper.java:330)\r\n\tat com.shaft.gui.element.internal.ElementActionsHelper.createReportAttachments(ElementActionsHelper.java:588)\r\n\tat com.shaft.gui.element.internal.ElementActionsHelper.reportActionResult(ElementActionsHelper.java:625)\r\n\tat com.shaft.gui.element.internal.ElementActionsHelper.failAction(ElementActionsHelper.java:521)\r\n\tat com.shaft.gui.element.internal.ElementActionsHelper.failAction(ElementActionsHelper.java:472)\r\n\tat com.shaft.gui.element.ElementActions.scrollToElement(ElementActions.java:136)\r\n\tat pages.P02_HotelTab.lambda$reservation$0(P02_HotelTab.java:32)\r\n\tat org.openqa.selenium.support.ui.FluentWait.until(FluentWait.java:203)\r\n\tat com.shaft.gui.element.internal.Actions.waitUntil(Actions.java:190)\r\n\tat pages.P02_HotelTab.reservation(P02_HotelTab.java:32)\r\n\tat testPackage.TestClass.E2eTest(TestClass.java:35)\r\n\tat java.base/jdk.internal.reflect.DirectMethodHandleAccessor.invoke(DirectMethodHandleAccessor.java:103)\r\n\tat java.base/java.lang.reflect.Method.invoke(Method.java:580)\r\n\tat org.testng.internal.invokers.MethodInvocationHelper.invokeMethod(MethodInvocationHelper.java:141)\r\n\tat org.testng.internal.invokers.TestInvoker.invokeMethod(TestInvoker.java:687)\r\n\tat org.testng.internal.invokers.TestInvoker.invokeTestMethod(TestInvoker.java:230)\r\n\tat org.testng.internal.invokers.MethodRunner.runInSequence(MethodRunner.java:63)\r\n\tat org.testng.internal.invokers.TestInvoker$MethodInvocationAgent.invoke(TestInvoker.java:995)\r\n\tat org.testng.internal.invokers.TestInvoker.invokeTestMethods(TestInvoker.java:203)\r\n\tat org.testng.internal.invokers.TestMethodWorker.invokeTestMethods(TestMethodWorker.java:154)\r\n\tat org.testng.internal.invokers.TestMethodWorker.run(TestMethodWorker.java:134)\r\n\tat java.base/java.util.ArrayList.forEach(ArrayList.java:1597)\r\n\tat org.testng.TestRunner.privateRun(TestRunner.java:741)\r\n\tat org.testng.TestRunner.run(TestRunner.java:616)\r\n\tat org.testng.SuiteRunner.runTest(SuiteRunner.java:421)\r\n\tat org.testng.SuiteRunner.runSequentially(SuiteRunner.java:413)\r\n\tat org.testng.SuiteRunner.privateRun(SuiteRunner.java:373)\r\n\tat org.testng.SuiteRunner.run(SuiteRunner.java:312)\r\n\tat org.testng.SuiteRunnerWorker.runSuite(SuiteRunnerWorker.java:52)\r\n\tat org.testng.SuiteRunnerWorker.run(SuiteRunnerWorker.java:95)\r\n\tat org.testng.TestNG.runSuitesSequentially(TestNG.java:1274)\r\n\tat org.testng.TestNG.runSuitesLocally(TestNG.java:1208)\r\n\tat org.testng.TestNG.runSuites(TestNG.java:1112)\r\n\tat org.testng.TestNG.run(TestNG.java:1079)\r\n\tat org.apache.maven.surefire.testng.TestNGExecutor.run(TestNGExecutor.java:155)\r\n\tat org.apache.maven.surefire.testng.TestNGDirectoryTestSuite.executeSingleClass(TestNGDirectoryTestSuite.java:102)\r\n\tat org.apache.maven.surefire.testng.TestNGDirectoryTestSuite.execute(TestNGDirectoryTestSuite.java:91)\r\n\tat org.apache.maven.surefire.testng.TestNGProvider.invoke(TestNGProvider.java:137)\r\n\tat org.apache.maven.surefire.booter.ForkedBooter.runSuitesInProcess(ForkedBooter.java:385)\r\n\tat org.apache.maven.surefire.booter.ForkedBooter.execute(ForkedBooter.java:162)\r\n\tat org.apache.maven.surefire.booter.ForkedBooter.run(ForkedBooter.java:507)\r\n\tat org.apache.maven.surefire.booter.ForkedBooter.main(ForkedBooter.java:495)\r\nCaused by: org.openqa.selenium.NoSuchSessionException: invalid session id\nBuild info: version: '4.35.0', revision: '1c58e5028b'\nSystem info: os.name: 'Windows 11', os.arch: 'amd64', os.version: '10.0', java.version: '23'\nDriver info: org.openqa.selenium.chrome.ChromeDriver\nCommand: [5668d9ec9ccc9a46896fbcbf9a0d8264, screenshot {}]\nCapabilities {acceptInsecureCerts: false, browserName: chrome, browserVersion: 140.0.7339.129, chrome: {chromedriverVersion: 140.0.7339.207 (17230b545fd..., userDataDir: C:\\Users\\User\\AppData\\Local...}, fedcm:accounts: true, goog:chromeOptions: {debuggerAddress: localhost:61715}, networkConnectionEnabled: false, pageLoadStrategy: none, platformName: windows, proxy: Proxy(), se:cdp: ws://localhost:61715/devtoo..., se:cdpVersion: 140.0.7339.129, setWindowRect: true, strictFileInteractability: false, timeouts: {implicit: 0, pageLoad: 30000, script: 30000}, unhandledPromptBehavior: dismiss and notify, webSocketUrl: ws://localhost:4599/session..., webauthn:extension:credBlob: true, webauthn:extension:largeBlob: true, webauthn:extension:minPinLength: true, webauthn:extension:prf: true, webauthn:virtualAuthenticators: true}\nSession ID: 5668d9ec9ccc9a46896fbcbf9a0d8264\r\n\tat java.base/jdk.internal.reflect.DirectConstructorHandleAccessor.newInstance(DirectConstructorHandleAccessor.java:62)\r\n\tat java.base/java.lang.reflect.Constructor.newInstanceWithCaller(Constructor.java:501)\r\n\tat java.base/java.lang.reflect.Constructor.newInstance(Constructor.java:485)\r\n\tat org.openqa.selenium.remote.ErrorCodec.decode(ErrorCodec.java:167)\r\n\tat org.openqa.selenium.remote.codec.w3c.W3CHttpResponseCodec.decode(W3CHttpResponseCodec.java:138)\r\n\tat org.openqa.selenium.remote.codec.w3c.W3CHttpResponseCodec.decode(W3CHttpResponseCodec.java:50)\r\n\tat org.openqa.selenium.remote.HttpCommandExecutor.execute(HttpCommandExecutor.java:215)\r\n\tat org.openqa.selenium.remote.service.DriverCommandExecutor.invokeExecute(DriverCommandExecutor.java:216)\r\n\tat org.openqa.selenium.remote.service.DriverCommandExecutor.execute(DriverCommandExecutor.java:174)\r\n\tat org.openqa.selenium.remote.RemoteWebDriver.execute(RemoteWebDriver.java:557)\r\n\tat org.openqa.selenium.remote.RemoteWebDriver.execute(RemoteWebDriver.java:630)\r\n\tat org.openqa.selenium.remote.RemoteWebDriver.execute(RemoteWebDriver.java:634)\r\n\tat org.openqa.selenium.remote.RemoteWebDriver.getScreenshotAs(RemoteWebDriver.java:346)\r\n\tat com.shaft.gui.internal.image.ScreenshotHelper.takeViewportScreenshot(ScreenshotHelper.java:117)\r\n\t... 49 more\r\n"},"stage":"finished","steps":[{"name":"Scroll to element \"By.xpath: //button[@type=\"button\"]/span[contains(.,'Load more results')]\".","status":"passed","stage":"finished","steps":[],"attachments":[],"parameters":[],"start":1758814085665,"stop":1758814085665},{"name":"Scroll to element \"See availability\".","status":"passed","stage":"finished","steps":[],"attachments":[],"parameters":[],"start":1758814087037,"stop":1758814087037}],"attachments":[{"name":"Screenshot manager - Get stack trace - Exception Stacktrace","source":"fa48dcbf-1f84-472f-987a-f4df4eae4dbd-attachment.png","type":"image/png"},{"name":"SHAFT Engine Logs - Current Method log: E2eTest","source":"1350d872-e4fd-4973-96ed-864856602177-attachment.txt","type":"text/plain"}],"parameters":[],"start":1758814051828,"stop":1758814111678}